Copyright 1986-2015 Xilinx, Inc. All Rights Reserved.
-------------------------------------------------------------------------------------------------------------------------------------------------
| Tool Version     : Vivado v.2015.4 (lin64) Build 1412921 Wed Nov 18 09:44:32 MST 2015
| Date             : Thu Jun  2 14:09:26 2016
| Host             : francis-Aspire-E1-570 running 64-bit Ubuntu 15.10
| Command          : report_power -file FPU_Add_Subtract_Function_power_routed.rpt -pb FPU_Add_Subtract_Function_power_summary_routed.pb
| Design           : FPU_Add_Subtract_Function
| Device           : xc7a100tcsg324-1
| Design State     : routed
| Grade            : commercial
| Process          : typical
| Characterization : Production
-------------------------------------------------------------------------------------------------------------------------------------------------

Power Report

Table of Contents
-----------------
1. Summary
1.1 On-Chip Components
1.2 Power Supply Summary
1.3 Confidence Level
2. Settings
2.1 Environment
2.2 Clock Constraints
3. Detailed Reports
3.1 By Hierarchy

1. Summary
----------

+--------------------------+-------+
| Total On-Chip Power (W)  | 0.120 |
| Dynamic (W)              | 0.029 |
| Device Static (W)        | 0.091 |
| Effective TJA (C/W)      | 4.6   |
| Max Ambient (C)          | 84.5  |
| Junction Temperature (C) | 25.5  |
| Confidence Level         | Low   |
| Setting File             | ---   |
| Simulation Activity File | ---   |
| Design Nets Matched      | NA    |
+--------------------------+-------+


1.1 On-Chip Components
----------------------

+----------------+-----------+----------+-----------+-----------------+
| On-Chip        | Power (W) | Used     | Available | Utilization (%) |
+----------------+-----------+----------+-----------+-----------------+
| Clocks         |     0.003 |        3 |       --- |             --- |
| Slice Logic    |     0.005 |     1400 |       --- |             --- |
|   LUT as Logic |     0.004 |      682 |     63400 |            1.08 |
|   Register     |    <0.001 |      514 |    126800 |            0.41 |
|   CARRY4       |    <0.001 |       31 |     15850 |            0.20 |
|   Others       |     0.000 |       10 |       --- |             --- |
| Signals        |     0.007 |     1096 |       --- |             --- |
| I/O            |     0.014 |      202 |       210 |           96.19 |
| Static Power   |     0.091 |          |           |                 |
| Total          |     0.120 |          |           |                 |
+----------------+-----------+----------+-----------+-----------------+


1.2 Power Supply Summary
------------------------

+-----------+-------------+-----------+-------------+------------+
| Source    | Voltage (V) | Total (A) | Dynamic (A) | Static (A) |
+-----------+-------------+-----------+-------------+------------+
| Vccint    |       1.000 |     0.030 |       0.015 |      0.015 |
| Vccaux    |       1.800 |     0.019 |       0.001 |      0.018 |
| Vcco33    |       3.300 |     0.000 |       0.000 |      0.000 |
| Vcco25    |       2.500 |     0.000 |       0.000 |      0.000 |
| Vcco18    |       1.800 |     0.011 |       0.007 |      0.004 |
| Vcco15    |       1.500 |     0.000 |       0.000 |      0.000 |
| Vcco135   |       1.350 |     0.000 |       0.000 |      0.000 |
| Vcco12    |       1.200 |     0.000 |       0.000 |      0.000 |
| Vccaux_io |       1.800 |     0.000 |       0.000 |      0.000 |
| Vccbram   |       1.000 |     0.000 |       0.000 |      0.000 |
| MGTAVcc   |       1.000 |     0.000 |       0.000 |      0.000 |
| MGTAVtt   |       1.200 |     0.000 |       0.000 |      0.000 |
| Vccadc    |       1.800 |     0.020 |       0.000 |      0.020 |
+-----------+-------------+-----------+-------------+------------+


1.3 Confidence Level
--------------------

+-----------------------------+------------+--------------------------------------------------------+------------------------------------------------------------------------------------------------------------+
| User Input Data             | Confidence | Details                                                | Action                                                                                                     |
+-----------------------------+------------+--------------------------------------------------------+------------------------------------------------------------------------------------------------------------+
| Design implementation state | High       | Design is routed                                       |                                                                                                            |
| Clock nodes activity        | High       | User specified more than 95% of clocks                 |                                                                                                            |
| I/O nodes activity          | Low        | More than 75% of inputs are missing user specification | Provide missing input activity with simulation results or by editing the "By Resource Type -> I/Os" view   |
| Internal nodes activity     | Medium     | User specified less than 25% of internal nodes         | Provide missing internal nodes activity with simulation results or by editing the "By Resource Type" views |
| Device models               | High       | Device models are Production                           |                                                                                                            |
|                             |            |                                                        |                                                                                                            |
| Overall confidence level    | Low        |                                                        |                                                                                                            |
+-----------------------------+------------+--------------------------------------------------------+------------------------------------------------------------------------------------------------------------+


2. Settings
-----------

2.1 Environment
---------------

+-----------------------+--------------------------+
| Ambient Temp (C)      | 25.0                     |
| ThetaJA (C/W)         | 4.6                      |
| Airflow (LFM)         | 250                      |
| Heat Sink             | medium (Medium Profile)  |
| ThetaSA (C/W)         | 4.6                      |
| Board Selection       | medium (10"x10")         |
| # of Board Layers     | 12to15 (12 to 15 Layers) |
| Board Temperature (C) | 25.0                     |
+-----------------------+--------------------------+


2.2 Clock Constraints
---------------------

+-------+--------+-----------------+
| Clock | Domain | Constraint (ns) |
+-------+--------+-----------------+
| clk   | clk    |            10.0 |
+-------+--------+-----------------+


3. Detailed Reports
-------------------

3.1 By Hierarchy
----------------

+--------------------------------+-----------+
| Name                           | Power (W) |
+--------------------------------+-----------+
| FPU_Add_Subtract_Function      |     0.029 |
|   Add_Subt_Sgf_module          |     0.003 |
|     Add_Subt_Result            |     0.002 |
|     Add_overflow_Result        |    <0.001 |
|     Sgf_AS                     |    <0.001 |
|   Barrel_Shifter_module        |     0.002 |
|     Mux_Array                  |     0.002 |
|       Mid_Reg                  |     0.002 |
|     Output_Reg                 |    <0.001 |
|   Exp_Operation_Module         |    <0.001 |
|     Overflow                   |    <0.001 |
|     Underflow                  |    <0.001 |
|     exp_add_subt               |    <0.001 |
|     exp_result                 |    <0.001 |
|   FS_Module                    |     0.002 |
|   Leading_Zero_Detector_Module |    <0.001 |
|     Output_Reg                 |    <0.001 |
|   Oper_Start_in_module         |     0.004 |
|     ASRegister                 |    <0.001 |
|     YRegister                  |    <0.001 |
|     SignRegister               |    <0.001 |
|     XRegister                  |     0.002 |
|     MRegister                  |    <0.001 |
|     mRegister                  |    <0.001 |
|   Sel_A                        |    <0.001 |
|   Sel_B                        |     0.001 |
|   Sel_C                        |    <0.001 |
|   Sel_D                        |    <0.001 |
|   final_result_ieee_Module     |    <0.001 |
|     Final_Result_IEEE          |    <0.001 |
+--------------------------------+-----------+


